<?xml version="1.0" encoding="UTF-8"?>
<testng-results ignored="0" total="1" passed="1" failed="0" skipped="0">
  <reporter-output>
  </reporter-output>
  <suite started-at="2024-02-14T18:48:33Z" name="Default suite" finished-at="2024-02-14T18:48:36Z" duration-ms="3186">
    <groups>
    </groups>
    <test started-at="2024-02-14T18:48:33Z" name="Default test" finished-at="2024-02-14T18:48:36Z" duration-ms="3186">
      <class name="SpecifactionsConcept.ReqestSpecificationBuilder">
        <test-method signature="GetUsersAPI()[pri:0, instance:SpecifactionsConcept.ReqestSpecificationBuilder@1a72a540]" started-at="2024-02-14T18:48:33Z" name="GetUsersAPI" finished-at="2024-02-14T18:48:36Z" duration-ms="3169" status="PASS">
          <reporter-output>
          </reporter-output>
        </test-method> <!-- GetUsersAPI -->
      </class> <!-- SpecifactionsConcept.ReqestSpecificationBuilder -->
    </test> <!-- Default test -->
  </suite> <!-- Default suite -->
</testng-results>
